[ 2016-07-26T00:28:16+08:00 ] ::1 /PHP4/weibo/Login/verify.html?a=b&random=0.3157288592774421
INFO: [ app_init ] --START--
INFO: Run Behavior\BuildLiteBehavior [ RunTime:0.000072s ]
INFO: [ app_init ] --END-- [ RunTime:0.001940s ]

[ 2016-07-26T00:28:17+08:00 ] ::1 /PHP4/weibo/Login/verify.html?a=b&random=0.6525268179830164
INFO: [ app_init ] --START--
INFO: Run Behavior\BuildLiteBehavior [ RunTime:0.000047s ]
INFO: [ app_init ] --END-- [ RunTime:0.001246s ]

[ 2016-07-26T00:28:18+08:00 ] ::1 /PHP4/weibo/Login/verify.html?a=b&random=0.8709491223562509
INFO: [ app_init ] --START--
INFO: Run Behavior\BuildLiteBehavior [ RunTime:0.000070s ]
INFO: [ app_init ] --END-- [ RunTime:0.001709s ]

[ 2016-07-26T00:28:19+08:00 ] ::1 /PHP4/weibo/Login/verify.html?a=b&random=0.24866717378608882
INFO: [ app_init ] --START--
INFO: Run Behavior\BuildLiteBehavior [ RunTime:0.000047s ]
INFO: [ app_init ] --END-- [ RunTime:0.001536s ]

[ 2016-07-26T00:28:19+08:00 ] ::1 /PHP4/weibo/Login/verify.html?a=b&random=0.5294102693442255
INFO: [ app_init ] --START--
INFO: Run Behavior\BuildLiteBehavior [ RunTime:0.000047s ]
INFO: [ app_init ] --END-- [ RunTime:0.001251s ]

[ 2016-07-26T00:28:20+08:00 ] ::1 /PHP4/weibo/Login/verify.html?a=b&random=0.21687665511853993
INFO: [ app_init ] --START--
INFO: Run Behavior\BuildLiteBehavior [ RunTime:0.000048s ]
INFO: [ app_init ] --END-- [ RunTime:0.001276s ]

[ 2016-07-26T00:28:20+08:00 ] ::1 /PHP4/weibo/Login/verify.html?a=b&random=0.36888954462483525
INFO: [ app_init ] --START--
INFO: Run Behavior\BuildLiteBehavior [ RunTime:0.000073s ]
INFO: [ app_init ] --END-- [ RunTime:0.001346s ]

[ 2016-07-26T00:28:21+08:00 ] ::1 /PHP4/weibo/Login/verify.html?a=b&random=0.9881668016314507
INFO: [ app_init ] --START--
INFO: Run Behavior\BuildLiteBehavior [ RunTime:0.000047s ]
INFO: [ app_init ] --END-- [ RunTime:0.001169s ]

[ 2016-07-26T00:28:21+08:00 ] ::1 /PHP4/weibo/Login/verify.html?a=b&random=0.6114922526758164
INFO: [ app_init ] --START--
INFO: Run Behavior\BuildLiteBehavior [ RunTime:0.000049s ]
INFO: [ app_init ] --END-- [ RunTime:0.001322s ]

[ 2016-07-26T00:28:21+08:00 ] ::1 /PHP4/weibo/Login/verify.html?a=b&random=0.2691173974890262
INFO: [ app_init ] --START--
INFO: Run Behavior\BuildLiteBehavior [ RunTime:0.000048s ]
INFO: [ app_init ] --END-- [ RunTime:0.001250s ]

[ 2016-07-26T00:28:21+08:00 ] ::1 /PHP4/weibo/Login/verify.html?a=b&random=0.11342474515549839
INFO: [ app_init ] --START--
INFO: Run Behavior\BuildLiteBehavior [ RunTime:0.000059s ]
INFO: [ app_init ] --END-- [ RunTime:0.001283s ]

[ 2016-07-26T00:28:21+08:00 ] ::1 /PHP4/weibo/Login/verify.html?a=b&random=0.011026199208572507
INFO: [ app_init ] --START--
INFO: Run Behavior\BuildLiteBehavior [ RunTime:0.000048s ]
INFO: [ app_init ] --END-- [ RunTime:0.001261s ]

[ 2016-07-26T00:28:21+08:00 ] ::1 /PHP4/weibo/Login/verify.html?a=b&random=0.6649460531771183
INFO: [ app_init ] --START--
INFO: Run Behavior\BuildLiteBehavior [ RunTime:0.000049s ]
INFO: [ app_init ] --END-- [ RunTime:0.001277s ]

[ 2016-07-26T20:13:42+08:00 ] ::1 /PHP4/weibo/
INFO: [ app_init ] --START--
INFO: Run Behavior\BuildLiteBehavior [ RunTime:0.000090s ]
INFO: [ app_init ] --END-- [ RunTime:0.019763s ]

[ 2016-07-26T20:13:42+08:00 ] ::1 /PHP4/weibo/Login/index.html
INFO: [ app_init ] --START--
INFO: Run Behavior\BuildLiteBehavior [ RunTime:0.000050s ]
INFO: [ app_init ] --END-- [ RunTime:0.001263s ]

[ 2016-07-26T20:13:43+08:00 ] ::1 /PHP4/weibo/Login/verify.html?a=b
INFO: [ app_init ] --START--
INFO: Run Behavior\BuildLiteBehavior [ RunTime:0.000078s ]
INFO: [ app_init ] --END-- [ RunTime:0.001290s ]

[ 2016-07-26T20:14:09+08:00 ] ::1 /PHP4/weibo/Home/User/checkUserName
INFO: [ app_init ] --START--
INFO: Run Behavior\BuildLiteBehavior [ RunTime:0.000046s ]
INFO: [ app_init ] --END-- [ RunTime:0.001146s ]
INFO: [ app_begin ] --START--
INFO: Run Behavior\ReadHtmlCacheBehavior [ RunTime:0.001544s ]
INFO: [ app_begin ] --END-- [ RunTime:0.001727s ]
SQL: DESCRIBE weibo_user [ RunTime:0.199463s ]
SQL: SELECT * FROM `weibo_user` WHERE `username` = '986992484' LIMIT 1   [ RunTime:0.044842s ]
NOTIC: [2] sha1() expects at least 1 parameter, 0 given D:\wamp\wamp\www\PHP4\weibo\ThinkPHP\Library\Think\Model.class.php 第 1013 行.
INFO: [ app_end ] --START--
INFO: Run Behavior\ShowPageTraceBehavior [ RunTime:0.002874s ]
INFO: [ app_end ] --END-- [ RunTime:0.003227s ]

[ 2016-07-26T20:14:56+08:00 ] ::1 /PHP4/weibo/Home/User/checkEmail
INFO: [ app_init ] --START--
INFO: Run Behavior\BuildLiteBehavior [ RunTime:0.000048s ]
INFO: [ app_init ] --END-- [ RunTime:0.001194s ]
INFO: [ app_begin ] --START--
INFO: Run Behavior\ReadHtmlCacheBehavior [ RunTime:0.001341s ]
INFO: [ app_begin ] --END-- [ RunTime:0.001525s ]
SQL: DESCRIBE weibo_user [ RunTime:0.007207s ]
SQL: SELECT * FROM `weibo_user` WHERE `email` = '986992484@qq.com' LIMIT 1   [ RunTime:0.000452s ]
NOTIC: [2] sha1() expects at least 1 parameter, 0 given D:\wamp\wamp\www\PHP4\weibo\ThinkPHP\Library\Think\Model.class.php 第 1013 行.
INFO: [ app_end ] --START--
INFO: Run Behavior\ShowPageTraceBehavior [ RunTime:0.001465s ]
INFO: [ app_end ] --END-- [ RunTime:0.001644s ]

[ 2016-07-26T20:15:11+08:00 ] ::1 /PHP4/weibo/Home/User/checkVerify
INFO: [ app_init ] --START--
INFO: Run Behavior\BuildLiteBehavior [ RunTime:0.000047s ]
INFO: [ app_init ] --END-- [ RunTime:0.001199s ]
INFO: [ app_begin ] --START--
INFO: Run Behavior\ReadHtmlCacheBehavior [ RunTime:0.001330s ]
INFO: [ app_begin ] --END-- [ RunTime:0.001505s ]
SQL: DESCRIBE weibo_user [ RunTime:0.011681s ]
NOTIC: [2] sha1() expects at least 1 parameter, 0 given D:\wamp\wamp\www\PHP4\weibo\ThinkPHP\Library\Think\Model.class.php 第 1013 行.
INFO: [ app_end ] --START--
INFO: Run Behavior\ShowPageTraceBehavior [ RunTime:0.001335s ]
INFO: [ app_end ] --END-- [ RunTime:0.001507s ]

[ 2016-07-26T20:15:13+08:00 ] ::1 /PHP4/weibo/Home/User/register
INFO: [ app_init ] --START--
INFO: Run Behavior\BuildLiteBehavior [ RunTime:0.000049s ]
INFO: [ app_init ] --END-- [ RunTime:0.001225s ]
INFO: [ app_begin ] --START--
INFO: Run Behavior\ReadHtmlCacheBehavior [ RunTime:0.001345s ]
INFO: [ app_begin ] --END-- [ RunTime:0.001524s ]
SQL: DESCRIBE weibo_user [ RunTime:0.007293s ]
SQL: SELECT * FROM `weibo_user` WHERE `username` = '986992484' LIMIT 1   [ RunTime:0.000475s ]
SQL: SELECT * FROM `weibo_user` WHERE `email` = '986992484@qq.com' LIMIT 1   [ RunTime:0.000371s ]
SQL: INSERT INTO `weibo_user` (`username`,`password`,`email`,`create`) VALUES ('986992484','c176c965af4a965c20e4130908eac0347a3556d4','986992484@qq.com',1469535313) [ RunTime:0.027457s ]
INFO: [ app_end ] --START--
INFO: Run Behavior\ShowPageTraceBehavior [ RunTime:0.001464s ]
INFO: [ app_end ] --END-- [ RunTime:0.001636s ]

[ 2016-07-26T20:15:14+08:00 ] ::1 /PHP4/weibo/Login/verify.html?a=b&random=0.6382690684404224
INFO: [ app_init ] --START--
INFO: Run Behavior\BuildLiteBehavior [ RunTime:0.000049s ]
INFO: [ app_init ] --END-- [ RunTime:0.001210s ]

[ 2016-07-26T20:15:50+08:00 ] ::1 /PHP4/weibo/Home/User/checkVerify
INFO: [ app_init ] --START--
INFO: Run Behavior\BuildLiteBehavior [ RunTime:0.000049s ]
INFO: [ app_init ] --END-- [ RunTime:0.001602s ]
INFO: [ app_begin ] --START--
INFO: Run Behavior\ReadHtmlCacheBehavior [ RunTime:0.001699s ]
INFO: [ app_begin ] --END-- [ RunTime:0.001887s ]
SQL: DESCRIBE weibo_user [ RunTime:0.007090s ]
INFO: [ app_end ] --START--
INFO: Run Behavior\ShowPageTraceBehavior [ RunTime:0.001732s ]
INFO: [ app_end ] --END-- [ RunTime:0.001921s ]

[ 2016-07-26T20:15:54+08:00 ] ::1 /PHP4/weibo/Home/User/checkVerify
INFO: [ app_init ] --START--
INFO: Run Behavior\BuildLiteBehavior [ RunTime:0.000047s ]
INFO: [ app_init ] --END-- [ RunTime:0.001198s ]
INFO: [ app_begin ] --START--
INFO: Run Behavior\ReadHtmlCacheBehavior [ RunTime:0.001316s ]
INFO: [ app_begin ] --END-- [ RunTime:0.001496s ]
SQL: DESCRIBE weibo_user [ RunTime:0.011356s ]
INFO: [ app_end ] --START--
INFO: Run Behavior\ShowPageTraceBehavior [ RunTime:0.001406s ]
INFO: [ app_end ] --END-- [ RunTime:0.001592s ]

[ 2016-07-26T20:15:55+08:00 ] ::1 /PHP4/weibo/Home/User/checkVerify
INFO: [ app_init ] --START--
INFO: Run Behavior\BuildLiteBehavior [ RunTime:0.000055s ]
INFO: [ app_init ] --END-- [ RunTime:0.001243s ]
INFO: [ app_begin ] --START--
INFO: Run Behavior\ReadHtmlCacheBehavior [ RunTime:0.003861s ]
INFO: [ app_begin ] --END-- [ RunTime:0.004311s ]
SQL: DESCRIBE weibo_user [ RunTime:0.011220s ]
INFO: [ app_end ] --START--
INFO: Run Behavior\ShowPageTraceBehavior [ RunTime:0.001332s ]
INFO: [ app_end ] --END-- [ RunTime:0.001520s ]

[ 2016-07-26T20:15:56+08:00 ] ::1 /PHP4/weibo/Home/User/checkVerify
INFO: [ app_init ] --START--
INFO: Run Behavior\BuildLiteBehavior [ RunTime:0.000049s ]
INFO: [ app_init ] --END-- [ RunTime:0.001200s ]
INFO: [ app_begin ] --START--
INFO: Run Behavior\ReadHtmlCacheBehavior [ RunTime:0.001330s ]
INFO: [ app_begin ] --END-- [ RunTime:0.001510s ]
SQL: DESCRIBE weibo_user [ RunTime:0.007075s ]
NOTIC: [2] sha1() expects at least 1 parameter, 0 given D:\wamp\wamp\www\PHP4\weibo\ThinkPHP\Library\Think\Model.class.php 第 1013 行.
INFO: [ app_end ] --START--
INFO: Run Behavior\ShowPageTraceBehavior [ RunTime:0.001337s ]
INFO: [ app_end ] --END-- [ RunTime:0.001508s ]

[ 2016-07-26T20:15:58+08:00 ] ::1 /PHP4/weibo/Home/User/login
INFO: [ app_init ] --START--
INFO: Run Behavior\BuildLiteBehavior [ RunTime:0.000046s ]
INFO: [ app_init ] --END-- [ RunTime:0.001202s ]
INFO: [ app_begin ] --START--
INFO: Run Behavior\ReadHtmlCacheBehavior [ RunTime:0.001302s ]
INFO: [ app_begin ] --END-- [ RunTime:0.001485s ]
SQL: DESCRIBE weibo_user [ RunTime:0.006991s ]
SQL: SELECT `id`,`username`,`password`,`face` FROM `weibo_user` WHERE `username` = '986992484' LIMIT 1   [ RunTime:0.000459s ]
SQL: UPDATE `weibo_user` SET `last_login`=1469535358,`last_ip`=0 WHERE `id` = '95' [ RunTime:0.034609s ]
INFO: [ app_end ] --START--
INFO: Run Behavior\ShowPageTraceBehavior [ RunTime:0.001464s ]
INFO: [ app_end ] --END-- [ RunTime:0.001637s ]

[ 2016-07-26T20:16:00+08:00 ] ::1 /PHP4/weibo/Index/index.html
INFO: [ app_init ] --START--
INFO: Run Behavior\BuildLiteBehavior [ RunTime:0.000049s ]
INFO: [ app_init ] --END-- [ RunTime:0.001212s ]
ERR: 系统不支持:memcache

[ 2016-07-26T20:16:26+08:00 ] ::1 /PHP4/weibo/Index/index.html
INFO: [ app_init ] --START--
INFO: Run Behavior\BuildLiteBehavior [ RunTime:0.000047s ]
INFO: [ app_init ] --END-- [ RunTime:0.001205s ]
ERR: 系统不支持:memcache

[ 2016-07-26T20:16:29+08:00 ] ::1 /PHP4/weibo/Login/index.html
INFO: [ app_init ] --START--
INFO: Run Behavior\BuildLiteBehavior [ RunTime:0.000048s ]
INFO: [ app_init ] --END-- [ RunTime:0.001387s ]

[ 2016-07-26T20:16:29+08:00 ] ::1 /PHP4/weibo/Index/index.html
INFO: [ app_init ] --START--
INFO: Run Behavior\BuildLiteBehavior [ RunTime:0.000049s ]
INFO: [ app_init ] --END-- [ RunTime:0.001312s ]
ERR: 系统不支持:memcache

[ 2016-07-26T20:16:33+08:00 ] ::1 /PHP4/weibo/
INFO: [ app_init ] --START--
INFO: Run Behavior\BuildLiteBehavior [ RunTime:0.000052s ]
INFO: [ app_init ] --END-- [ RunTime:0.001213s ]
ERR: 系统不支持:memcache

[ 2016-07-26T20:16:39+08:00 ] ::1 /PHP4/weibo/
INFO: [ app_init ] --START--
INFO: Run Behavior\BuildLiteBehavior [ RunTime:0.000046s ]
INFO: [ app_init ] --END-- [ RunTime:0.001207s ]
ERR: 系统不支持:memcache

