[ 2016-07-22T20:54:23+08:00 ] ::1 /PHP4/weibo/
INFO: [ app_init ] --START--
INFO: Run Behavior\BuildLiteBehavior [ RunTime:0.000058s ]
INFO: [ app_init ] --END-- [ RunTime:0.001295s ]

[ 2016-07-22T20:54:23+08:00 ] ::1 /PHP4/weibo/Login
INFO: [ app_init ] --START--
INFO: Run Behavior\BuildLiteBehavior [ RunTime:0.000048s ]
INFO: [ app_init ] --END-- [ RunTime:0.001309s ]

[ 2016-07-22T20:54:23+08:00 ] ::1 /PHP4/weibo/Login/index.html
INFO: [ app_init ] --START--
INFO: Run Behavior\BuildLiteBehavior [ RunTime:0.000054s ]
INFO: [ app_init ] --END-- [ RunTime:0.001178s ]

[ 2016-07-22T20:54:24+08:00 ] ::1 /PHP4/weibo/Login/verify.html?a=b
INFO: [ app_init ] --START--
INFO: Run Behavior\BuildLiteBehavior [ RunTime:0.000053s ]
INFO: [ app_init ] --END-- [ RunTime:0.001224s ]

[ 2016-07-22T20:54:54+08:00 ] ::1 /PHP4/weibo/Home/User/checkVerify
INFO: [ app_init ] --START--
INFO: Run Behavior\BuildLiteBehavior [ RunTime:0.000048s ]
INFO: [ app_init ] --END-- [ RunTime:0.001341s ]
INFO: [ app_begin ] --START--
INFO: Run Behavior\ReadHtmlCacheBehavior [ RunTime:0.001844s ]
INFO: [ app_begin ] --END-- [ RunTime:0.002086s ]
ERR: SQLSTATE[HY000] [1045] Access denied for user 'root'@'localhost' (using password: YES)

[ 2016-07-22T20:55:15+08:00 ] ::1 /PHP4/weibo/Login/verify.html?a=b&random=0.943606932181865
INFO: [ app_init ] --START--
INFO: Run Behavior\BuildLiteBehavior [ RunTime:0.000048s ]
INFO: [ app_init ] --END-- [ RunTime:0.001166s ]

[ 2016-07-22T20:55:15+08:00 ] ::1 /PHP4/weibo/Login/verify.html?a=b&random=0.1810778067447245
INFO: [ app_init ] --START--
INFO: Run Behavior\BuildLiteBehavior [ RunTime:0.000050s ]
INFO: [ app_init ] --END-- [ RunTime:0.001195s ]

[ 2016-07-22T20:55:16+08:00 ] ::1 /PHP4/weibo/Login/verify.html?a=b&random=0.060788594186306
INFO: [ app_init ] --START--
INFO: Run Behavior\BuildLiteBehavior [ RunTime:0.000048s ]
INFO: [ app_init ] --END-- [ RunTime:0.001227s ]

[ 2016-07-22T20:55:17+08:00 ] ::1 /PHP4/weibo/Login/verify.html?a=b&random=0.8367218375205994
INFO: [ app_init ] --START--
INFO: Run Behavior\BuildLiteBehavior [ RunTime:0.000048s ]
INFO: [ app_init ] --END-- [ RunTime:0.001220s ]

[ 2016-07-22T20:55:17+08:00 ] ::1 /PHP4/weibo/Login/verify.html?a=b&random=0.0007586772553622723
INFO: [ app_init ] --START--
INFO: Run Behavior\BuildLiteBehavior [ RunTime:0.000049s ]
INFO: [ app_init ] --END-- [ RunTime:0.001219s ]

[ 2016-07-22T20:55:17+08:00 ] ::1 /PHP4/weibo/Login/verify.html?a=b&random=0.7108882535248995
INFO: [ app_init ] --START--
INFO: Run Behavior\BuildLiteBehavior [ RunTime:0.000046s ]
INFO: [ app_init ] --END-- [ RunTime:0.001225s ]

